[01m[K/home/rtsd-user/Documents/assignment_3/ros2_nodes/src/light_detection_3/src/motor_test.cpp:[m[K In member function â€˜[01m[Kvoid MotorTest::position_callback(rtsd_interfaces::msg::Point2_<std::allocator<void> >::SharedPtr)[m[Kâ€™:
[01m[K/home/rtsd-user/Documents/assignment_3/ros2_nodes/src/light_detection_3/src/motor_test.cpp:42:74:[m[K [01;35m[Kwarning: [m[Kunused parameter â€˜[01m[Kmsg[m[Kâ€™ [[01;35m[K-Wunused-parameter[m[K]
   42 |     void position_callback([01;35m[Kconst rtsd_interfaces::msg::Point2::SharedPtr msg[m[K)
      |                            [01;35m[K~~~~~~~~~~~~~~~~~~~~~~~~~~~~~~~~~~~~~~~~~~~~~~^~~[m[K
[01m[K/home/rtsd-user/Documents/assignment_3/ros2_nodes/src/light_detection_3/src/bright_position.cpp:[m[K In member function â€˜[01m[Kvoid BrightPosition::image_callback(sensor_msgs::msg::Image_<std::allocator<void> >::SharedPtr)[m[Kâ€™:
[01m[K/home/rtsd-user/Documents/assignment_3/ros2_nodes/src/light_detection_3/src/bright_position.cpp:80:73:[m[K [01;31m[Kerror: [m[Kexpected â€˜[01m[K;[m[Kâ€™ before â€˜[01m[K)[m[Kâ€™ token
   80 |         y_light = -(((y_light/msg->height)*height_rad)-(0.5*height_rad))[01;31m[K)[m[K;
      |                                                                         [01;31m[K^[m[K
      |                                                                         [32m[K;[m[K
make[2]: *** [CMakeFiles/bright_position.dir/build.make:63: CMakeFiles/bright_position.dir/src/bright_position.cpp.o] Error 1
make[1]: *** [CMakeFiles/Makefile2:107: CMakeFiles/bright_position.dir/all] Error 2
make: *** [Makefile:141: all] Error 2
