[0.115s] Invoking command in '/home/rtsd-user/Documents/assignment_3/ros2_nodes/build/light_detection_3': AMENT_PREFIX_PATH=/home/rtsd-user/Documents/assignment_3/ros2_nodes/install/rtsd_interfaces:${AMENT_PREFIX_PATH} CMAKE_PREFIX_PATH=/home/rtsd-user/Documents/assignment_3/ros2_nodes/install/rtsd_interfaces:/opt/ros/galactic LD_LIBRARY_PATH=/home/rtsd-user/Documents/assignment_3/ros2_nodes/install/rtsd_interfaces/lib:${LD_LIBRARY_PATH} PYTHONPATH=/home/rtsd-user/Documents/assignment_3/ros2_nodes/install/rtsd_interfaces/lib/python3.8/site-packages:${PYTHONPATH} /usr/bin/cmake --build /home/rtsd-user/Documents/assignment_3/ros2_nodes/build/light_detection_3 -- -j1 -l1
[0.435s] [35m[1mScanning dependencies of target motor_test[0m
[0.646s] [ 25%] [32mBuilding CXX object CMakeFiles/motor_test.dir/src/motor_test.cpp.o[0m
[8.384s] In file included from [01m[K/usr/include/c++/9/pstl/glue_algorithm_defs.h:13[m[K,
[8.385s]                  from [01m[K/usr/include/c++/9/algorithm:71[m[K,
[8.385s]                  from [01m[K/opt/ros/galactic/include/rclcpp/executor.hpp:18[m[K,
[8.386s]                  from [01m[K/opt/ros/galactic/include/rclcpp/executors/multi_threaded_executor.hpp:26[m[K,
[8.386s]                  from [01m[K/opt/ros/galactic/include/rclcpp/executors.hpp:21[m[K,
[8.386s]                  from [01m[K/opt/ros/galactic/include/rclcpp/rclcpp.hpp:156[m[K,
[8.387s]                  from [01m[K/home/rtsd-user/Documents/assignment_3/ros2_nodes/src/light_detection_3/src/motor_test.cpp:6[m[K:
[8.387s] /usr/include/c++/9/functional: In instantiation of â€˜[01m[Kstruct std::_Bind_check_arity<void (MotorTest::*)(), MotorTest*, const std::_Placeholder<1>&>[m[Kâ€™:
[8.387s] [01m[K/usr/include/c++/9/functional:787:12:[m[K   required from â€˜[01m[Kstruct std::_Bind_helper<false, void (MotorTest::*)(), MotorTest*, const std::_Placeholder<1>&>[m[Kâ€™
[8.388s] [01m[K/usr/include/c++/9/functional:808:5:[m[K   required by substitution of â€˜[01m[Ktemplate<class _Func, class ... _BoundArgs> typename std::_Bind_helper<std::__is_socketlike<_Func>::value, _Func, _BoundArgs ...>::type std::bind(_Func&&, _BoundArgs&& ...) [with _Func = void (MotorTest::*)(); _BoundArgs = {MotorTest*, const std::_Placeholder<1>&}][m[Kâ€™
[8.388s] [01m[K/home/rtsd-user/Documents/assignment_3/ros2_nodes/src/light_detection_3/src/motor_test.cpp:18:71:[m[K   required from here
[8.388s] [01m[K/usr/include/c++/9/functional:775:7:[m[K [01;31m[Kerror: [m[Kstatic assertion failed: Wrong number of arguments for pointer-to-member
[8.389s]   774 |       static_assert(_Varargs::[01;31m[Kvalue[m[K
[8.389s]       |                               [01;31m[K~~~~~[m[K
[8.390s]   775 | [01;31m[K      ? sizeof...(_BoundArgs) >= _Arity::value + 1[m[K
[8.391s]       |       [01;31m[K^~~~~~~~~~~~~~~~~~~~~~~~~~~~~~~~~~~~~~~~~~~~[m[K
[8.392s]   776 | [01;31m[K      : sizeof...(_BoundArgs) == _Arity::value + 1[m[K,
[8.392s]       |       [01;31m[K~~~~~~~~~~~~~~~~~~~~~~~~~~~~~~~~~~~~~~~~~~~~[m[K
[8.403s] In file included from [01m[K/usr/include/c++/9/bits/unique_ptr.h:37[m[K,
[8.403s]                  from [01m[K/usr/include/c++/9/memory:80[m[K,
[8.404s]                  from [01m[K/opt/ros/galactic/include/rclcpp/rclcpp.hpp:154[m[K,
[8.404s]                  from [01m[K/home/rtsd-user/Documents/assignment_3/ros2_nodes/src/light_detection_3/src/motor_test.cpp:6[m[K:
[8.404s] /usr/include/c++/9/tuple: In instantiation of â€˜[01m[Kstruct std::tuple_element<0, std::tuple<> >[m[Kâ€™:
[8.405s] [01m[K/opt/ros/galactic/include/rclcpp/function_traits.hpp:71:9:[m[K   required by substitution of â€˜[01m[Ktemplate<class ReturnTypeT, class ... Args> template<long unsigned int N> using argument_type = typename std::tuple_element<N, std::tuple<_Elements ...> >::type [with long unsigned int N = 0; ReturnTypeT = void; Args = {}][m[Kâ€™
[8.405s] [01m[K/opt/ros/galactic/include/rclcpp/subscription_traits.hpp:97:8:[m[K   required from â€˜[01m[Kstruct rclcpp::subscription_traits::has_message_type<std::_Bind<void (MotorTest::*(MotorTest*, std::_Placeholder<1>))()>, std::allocator<void>, void, void, void, void>[m[Kâ€™
[8.406s] [01m[K/opt/ros/galactic/include/rclcpp/node.hpp:209:5:[m[K   required by substitution of â€˜[01m[Ktemplate<class MessageT, class CallbackT, class AllocatorT, class CallbackMessageT, class SubscriptionT, class MessageMemoryStrategyT> std::shared_ptr<SubscriptionT> rclcpp::Node::create_subscription(const string&, const rclcpp::QoS&, CallbackT&&, const rclcpp::SubscriptionOptionsWithAllocator<AllocatorT>&, typename MessageMemoryStrategyT::SharedPtr) [with MessageT = rtsd_interfaces::msg::Point2_<std::allocator<void> >; CallbackT = std::_Bind<void (MotorTest::*(MotorTest*, std::_Placeholder<1>))()>; AllocatorT = std::allocator<void>; CallbackMessageT = <missing>; SubscriptionT = <missing>; MessageMemoryStrategyT = <missing>][m[Kâ€™
[8.406s] [01m[K/home/rtsd-user/Documents/assignment_3/ros2_nodes/src/light_detection_3/src/motor_test.cpp:18:72:[m[K   required from here
[8.408s] [01m[K/usr/include/c++/9/tuple:1303:25:[m[K [01;31m[Kerror: [m[Kstatic assertion failed: tuple index is in range
[8.408s]  1303 |       static_assert([01;31m[K__i < tuple_size<tuple<>>::value[m[K,
[8.408s]       |                     [01;31m[K~~~~^~~~~~~~~~~~~~~~~~~~~~~~~~~~[m[K
[8.409s] In file included from [01m[K/opt/ros/galactic/include/rclcpp/client.hpp:32[m[K,
[8.409s]                  from [01m[K/opt/ros/galactic/include/rclcpp/callback_group.hpp:23[m[K,
[8.410s]                  from [01m[K/opt/ros/galactic/include/rclcpp/any_executable.hpp:20[m[K,
[8.411s]                  from [01m[K/opt/ros/galactic/include/rclcpp/memory_strategy.hpp:25[m[K,
[8.411s]                  from [01m[K/opt/ros/galactic/include/rclcpp/memory_strategies.hpp:18[m[K,
[8.414s]                  from [01m[K/opt/ros/galactic/include/rclcpp/executor_options.hpp:20[m[K,
[8.414s]                  from [01m[K/opt/ros/galactic/include/rclcpp/executor.hpp:36[m[K,
[8.414s]                  from [01m[K/opt/ros/galactic/include/rclcpp/executors/multi_threaded_executor.hpp:26[m[K,
[8.415s]                  from [01m[K/opt/ros/galactic/include/rclcpp/executors.hpp:21[m[K,
[8.415s]                  from [01m[K/opt/ros/galactic/include/rclcpp/rclcpp.hpp:156[m[K,
[8.415s]                  from [01m[K/home/rtsd-user/Documents/assignment_3/ros2_nodes/src/light_detection_3/src/motor_test.cpp:6[m[K:
[8.416s] /opt/ros/galactic/include/rclcpp/function_traits.hpp: In substitution of â€˜[01m[Ktemplate<class ReturnTypeT, class ... Args> template<long unsigned int N> using argument_type = typename std::tuple_element<N, std::tuple<_Elements ...> >::type [with long unsigned int N = 0; ReturnTypeT = void; Args = {}][m[Kâ€™:
[8.416s] [01m[K/opt/ros/galactic/include/rclcpp/subscription_traits.hpp:97:8:[m[K   required from â€˜[01m[Kstruct rclcpp::subscription_traits::has_message_type<std::_Bind<void (MotorTest::*(MotorTest*, std::_Placeholder<1>))()>, std::allocator<void>, void, void, void, void>[m[Kâ€™
[8.416s] [01m[K/opt/ros/galactic/include/rclcpp/node.hpp:209:5:[m[K   required by substitution of â€˜[01m[Ktemplate<class MessageT, class CallbackT, class AllocatorT, class CallbackMessageT, class SubscriptionT, class MessageMemoryStrategyT> std::shared_ptr<SubscriptionT> rclcpp::Node::create_subscription(const string&, const rclcpp::QoS&, CallbackT&&, const rclcpp::SubscriptionOptionsWithAllocator<AllocatorT>&, typename MessageMemoryStrategyT::SharedPtr) [with MessageT = rtsd_interfaces::msg::Point2_<std::allocator<void> >; CallbackT = std::_Bind<void (MotorTest::*(MotorTest*, std::_Placeholder<1>))()>; AllocatorT = std::allocator<void>; CallbackMessageT = <missing>; SubscriptionT = <missing>; MessageMemoryStrategyT = <missing>][m[Kâ€™
[8.419s] [01m[K/home/rtsd-user/Documents/assignment_3/ros2_nodes/src/light_detection_3/src/motor_test.cpp:18:72:[m[K   required from here
[8.420s] [01m[K/opt/ros/galactic/include/rclcpp/function_traits.hpp:71:9:[m[K [01;31m[Kerror: [m[Kno type named â€˜[01m[Ktype[m[Kâ€™ in â€˜[01m[Kstruct std::tuple_element<0, std::tuple<> >[m[Kâ€™
[8.420s]    71 |   using [01;31m[Kargument_type[m[K = typename std::tuple_element<N, arguments>::type;
[8.427s]       |         [01;31m[K^~~~~~~~~~~~~[m[K
[8.427s] [01m[K/home/rtsd-user/Documents/assignment_3/ros2_nodes/src/light_detection_3/src/motor_test.cpp:[m[K In constructor â€˜[01m[KMotorTest::MotorTest()[m[Kâ€™:
[8.427s] [01m[K/home/rtsd-user/Documents/assignment_3/ros2_nodes/src/light_detection_3/src/motor_test.cpp:18:72:[m[K [01;31m[Kerror: [m[Kno matching function for call to â€˜[01m[KMotorTest::create_subscription<rtsd_interfaces::msg::Point2>(const char [9], int, std::_Bind_helper<false, void (MotorTest::*)(), MotorTest*, const std::_Placeholder<1>&>::type)[m[Kâ€™
[8.427s]    18 |       "position", 1, std::bind(&MotorTest::position_callback, this, _1)[01;31m[K)[m[K;
[8.428s]       |                                                                        [01;31m[K^[m[K
[8.428s] In file included from [01m[K/opt/ros/galactic/include/rclcpp/executors/single_threaded_executor.hpp:28[m[K,
[8.428s]                  from [01m[K/opt/ros/galactic/include/rclcpp/executors.hpp:22[m[K,
[8.429s]                  from [01m[K/opt/ros/galactic/include/rclcpp/rclcpp.hpp:156[m[K,
[8.429s]                  from [01m[K/home/rtsd-user/Documents/assignment_3/ros2_nodes/src/light_detection_3/src/motor_test.cpp:6[m[K:
[8.429s] [01m[K/opt/ros/galactic/include/rclcpp/node.hpp:218:3:[m[K [01;36m[Knote: [m[Kcandidate: â€˜[01m[Ktemplate<class MessageT, class CallbackT, class AllocatorT, class CallbackMessageT, class SubscriptionT, class MessageMemoryStrategyT> std::shared_ptr<SubscriptionT> rclcpp::Node::create_subscription(const string&, const rclcpp::QoS&, CallbackT&&, const rclcpp::SubscriptionOptionsWithAllocator<AllocatorT>&, typename MessageMemoryStrategyT::SharedPtr)[m[Kâ€™
[8.430s]   218 |   [01;36m[Kcreate_subscription[m[K(
[8.430s]       |   [01;36m[K^~~~~~~~~~~~~~~~~~~[m[K
[8.431s] [01m[K/opt/ros/galactic/include/rclcpp/node.hpp:218:3:[m[K [01;36m[Knote: [m[K  substitution of deduced template arguments resulted in errors seen above
[8.431s] [01m[K/home/rtsd-user/Documents/assignment_3/ros2_nodes/src/light_detection_3/src/motor_test.cpp:20:7:[m[K [01;31m[Kerror: [m[Kunable to find numeric literal operator â€˜[01m[Koperator""ms[m[Kâ€™
[8.431s]    20 |       [01;31m[K500ms[m[K, std::bind(&MotorTest::timer_callback, this));
[8.431s]       |       [01;31m[K^~~~~[m[K
[11.322s] make[2]: *** [CMakeFiles/motor_test.dir/build.make:63: CMakeFiles/motor_test.dir/src/motor_test.cpp.o] Error 1
[11.325s] make[1]: *** [CMakeFiles/Makefile2:80: CMakeFiles/motor_test.dir/all] Error 2
[11.325s] make: *** [Makefile:141: all] Error 2
[11.336s] Invoked command in '/home/rtsd-user/Documents/assignment_3/ros2_nodes/build/light_detection_3' returned '2': AMENT_PREFIX_PATH=/home/rtsd-user/Documents/assignment_3/ros2_nodes/install/rtsd_interfaces:${AMENT_PREFIX_PATH} CMAKE_PREFIX_PATH=/home/rtsd-user/Documents/assignment_3/ros2_nodes/install/rtsd_interfaces:/opt/ros/galactic LD_LIBRARY_PATH=/home/rtsd-user/Documents/assignment_3/ros2_nodes/install/rtsd_interfaces/lib:${LD_LIBRARY_PATH} PYTHONPATH=/home/rtsd-user/Documents/assignment_3/ros2_nodes/install/rtsd_interfaces/lib/python3.8/site-packages:${PYTHONPATH} /usr/bin/cmake --build /home/rtsd-user/Documents/assignment_3/ros2_nodes/build/light_detection_3 -- -j1 -l1
