[01m[K/home/rtsd-user/Documents/assignment_3/ros2_nodes/src/light_detection_3/src/motor_test.cpp:[m[K In constructor â€˜[01m[KMotorTest::MotorTest()[m[Kâ€™:
[01m[K/home/rtsd-user/Documents/assignment_3/ros2_nodes/src/light_detection_3/src/motor_test.cpp:18:33:[m[K [01;31m[Kerror: [m[Kâ€˜[01m[KBrightPosition[m[Kâ€™ has not been declared
   18 |       "position", 1, std::bind(&[01;31m[KBrightPosition[m[K::position_callback, this, _1));
      |                                 [01;31m[K^~~~~~~~~~~~~~[m[K
[01m[K/home/rtsd-user/Documents/assignment_3/ros2_nodes/src/light_detection_3/src/motor_test.cpp:20:7:[m[K [01;31m[Kerror: [m[Kunable to find numeric literal operator â€˜[01m[Koperator""ms[m[Kâ€™
   20 |       [01;31m[K500ms[m[K, std::bind(&MinimalPublisher::timer_callback, this));
      |       [01;31m[K^~~~~[m[K
[01m[K/home/rtsd-user/Documents/assignment_3/ros2_nodes/src/light_detection_3/src/motor_test.cpp:20:25:[m[K [01;31m[Kerror: [m[Kâ€˜[01m[KMinimalPublisher[m[Kâ€™ has not been declared
   20 |       500ms, std::bind(&[01;31m[KMinimalPublisher[m[K::timer_callback, this));
      |                         [01;31m[K^~~~~~~~~~~~~~~~[m[K
[01m[K/home/rtsd-user/Documents/assignment_3/ros2_nodes/src/light_detection_3/src/motor_test.cpp:[m[K In member function â€˜[01m[Kvoid MotorTest::timer_callback()[m[Kâ€™:
[01m[K/home/rtsd-user/Documents/assignment_3/ros2_nodes/src/light_detection_3/src/motor_test.cpp:28:15:[m[K [01;31m[Kerror: [m[Kinvalid operands of types â€˜[01m[Kfloat[m[Kâ€™ and â€˜[01m[Kint[m[Kâ€™ to binary â€˜[01m[Koperator%[m[Kâ€™
   28 |       _x = [32m[K_x[m[K [01;31m[K%[m[K [34m[K6[m[K;
      |            [32m[K~~[m[K [01;31m[K^[m[K [34m[K~[m[K
      |            [32m[K|[m[K    [34m[K|[m[K
      |            [32m[K|[m[K    [34m[Kint[m[K
      |            [32m[Kfloat[m[K
[01m[K/home/rtsd-user/Documents/assignment_3/ros2_nodes/src/light_detection_3/src/motor_test.cpp:30:15:[m[K [01;31m[Kerror: [m[Kinvalid operands of types â€˜[01m[Kfloat[m[Kâ€™ and â€˜[01m[Kdouble[m[Kâ€™ to binary â€˜[01m[Koperator%[m[Kâ€™
   30 |       _y = [32m[K_y[m[K [01;31m[K%[m[K [34m[K2.5[m[K;
      |            [32m[K~~[m[K [01;31m[K^[m[K [34m[K~~~[m[K
      |            [32m[K|[m[K    [34m[K|[m[K
      |            [32m[K|[m[K    [34m[Kdouble[m[K
      |            [32m[Kfloat[m[K
make[2]: *** [CMakeFiles/motor_test.dir/build.make:63: CMakeFiles/motor_test.dir/src/motor_test.cpp.o] Error 1
make[1]: *** [CMakeFiles/Makefile2:80: CMakeFiles/motor_test.dir/all] Error 2
make: *** [Makefile:141: all] Error 2
