[0.097s] Invoking command in '/home/rtsd-user/Documents/assignment_3/ros2_nodes/build/light_detection_3': AMENT_PREFIX_PATH=/home/rtsd-user/Documents/assignment_3/ros2_nodes/install/rtsd_interfaces:${AMENT_PREFIX_PATH} CMAKE_PREFIX_PATH=/home/rtsd-user/Documents/assignment_3/ros2_nodes/install/rtsd_interfaces:/opt/ros/galactic LD_LIBRARY_PATH=/home/rtsd-user/Documents/assignment_3/ros2_nodes/install/rtsd_interfaces/lib:${LD_LIBRARY_PATH} PYTHONPATH=/home/rtsd-user/Documents/assignment_3/ros2_nodes/install/rtsd_interfaces/lib/python3.8/site-packages:${PYTHONPATH} /usr/bin/cmake /home/rtsd-user/Documents/assignment_3/ros2_nodes/src/light_detection_3 -DCMAKE_INSTALL_PREFIX=/home/rtsd-user/Documents/assignment_3/ros2_nodes/install/light_detection_3
[0.176s] -- Found ament_cmake: 1.1.4 (/opt/ros/galactic/share/ament_cmake/cmake)
[0.304s] -- Using PYTHON_EXECUTABLE: /usr/bin/python3
[0.607s] -- Found rclcpp: 9.1.0 (/opt/ros/galactic/share/rclcpp/cmake)
[0.773s] -- Using all available rosidl_typesupport_c: rosidl_typesupport_fastrtps_c;rosidl_typesupport_introspection_c
[0.796s] -- Found rosidl_adapter: 2.2.1 (/opt/ros/galactic/share/rosidl_adapter/cmake)
[1.439s] -- Using all available rosidl_typesupport_cpp: rosidl_typesupport_fastrtps_cpp;rosidl_typesupport_introspection_cpp
[1.719s] -- Found rmw_implementation_cmake: 3.3.1 (/opt/ros/galactic/share/rmw_implementation_cmake/cmake)
[1.732s] -- Found rmw_cyclonedds_cpp: 0.22.3 (/opt/ros/galactic/share/rmw_cyclonedds_cpp/cmake)
[1.852s] -- Using RMW implementation 'rmw_cyclonedds_cpp' as default
[2.927s] -- Found sensor_msgs: 2.2.3 (/opt/ros/galactic/share/sensor_msgs/cmake)
[3.659s] -- Found rtsd_interfaces: 0.0.0 (/home/rtsd-user/Documents/assignment_3/ros2_nodes/install/rtsd_interfaces/share/rtsd_interfaces/cmake)
[3.867s] -- Found ament_lint_auto: 0.10.6 (/opt/ros/galactic/share/ament_lint_auto/cmake)
[4.400s] -- Added test 'copyright' to check source files copyright and LICENSE
[4.414s] -- Added test 'cppcheck' to perform static code analysis on C / C++ code
[4.422s] -- Configured cppcheck include dirs: $<BUILD_INTERFACE:/home/rtsd-user/Documents/assignment_3/ros2_nodes/src/light_detection_3/include>
[4.423s] -- Configured cppcheck exclude dirs and/or files: 
[4.430s] -- Added test 'cpplint' to check C / C++ code against the Google style
[4.431s] -- Configured cpplint exclude dirs and/or files: 
[4.447s] -- Added test 'lint_cmake' to check CMake code style
[4.456s] -- Added test 'uncrustify' to check C / C++ code style
[4.456s] -- Configured uncrustify additional arguments: 
[4.465s] -- Added test 'xmllint' to check XML markup files
[4.483s] -- Configuring done
[4.693s] -- Generating done
[4.711s] -- Build files have been written to: /home/rtsd-user/Documents/assignment_3/ros2_nodes/build/light_detection_3
[4.776s] Invoked command in '/home/rtsd-user/Documents/assignment_3/ros2_nodes/build/light_detection_3' returned '0': AMENT_PREFIX_PATH=/home/rtsd-user/Documents/assignment_3/ros2_nodes/install/rtsd_interfaces:${AMENT_PREFIX_PATH} CMAKE_PREFIX_PATH=/home/rtsd-user/Documents/assignment_3/ros2_nodes/install/rtsd_interfaces:/opt/ros/galactic LD_LIBRARY_PATH=/home/rtsd-user/Documents/assignment_3/ros2_nodes/install/rtsd_interfaces/lib:${LD_LIBRARY_PATH} PYTHONPATH=/home/rtsd-user/Documents/assignment_3/ros2_nodes/install/rtsd_interfaces/lib/python3.8/site-packages:${PYTHONPATH} /usr/bin/cmake /home/rtsd-user/Documents/assignment_3/ros2_nodes/src/light_detection_3 -DCMAKE_INSTALL_PREFIX=/home/rtsd-user/Documents/assignment_3/ros2_nodes/install/light_detection_3
[4.777s] Invoking command in '/home/rtsd-user/Documents/assignment_3/ros2_nodes/build/light_detection_3': AMENT_PREFIX_PATH=/home/rtsd-user/Documents/assignment_3/ros2_nodes/install/rtsd_interfaces:${AMENT_PREFIX_PATH} CMAKE_PREFIX_PATH=/home/rtsd-user/Documents/assignment_3/ros2_nodes/install/rtsd_interfaces:/opt/ros/galactic LD_LIBRARY_PATH=/home/rtsd-user/Documents/assignment_3/ros2_nodes/install/rtsd_interfaces/lib:${LD_LIBRARY_PATH} PYTHONPATH=/home/rtsd-user/Documents/assignment_3/ros2_nodes/install/rtsd_interfaces/lib/python3.8/site-packages:${PYTHONPATH} /usr/bin/cmake --build /home/rtsd-user/Documents/assignment_3/ros2_nodes/build/light_detection_3 -- -j1 -l1
[5.073s] [35m[1mScanning dependencies of target motor_test[0m
[5.435s] [ 25%] [32mBuilding CXX object CMakeFiles/motor_test.dir/src/motor_test.cpp.o[0m
[16.644s] [01m[K/home/rtsd-user/Documents/assignment_3/ros2_nodes/src/light_detection_3/src/motor_test.cpp:[m[K In constructor â€˜[01m[KMotorTest::MotorTest()[m[Kâ€™:
[16.645s] [01m[K/home/rtsd-user/Documents/assignment_3/ros2_nodes/src/light_detection_3/src/motor_test.cpp:18:33:[m[K [01;31m[Kerror: [m[Kâ€˜[01m[KBrightPosition[m[Kâ€™ has not been declared
[16.645s]    18 |       "position", 1, std::bind(&[01;31m[KBrightPosition[m[K::position_callback, this, _1));
[16.647s]       |                                 [01;31m[K^~~~~~~~~~~~~~[m[K
[16.648s] [01m[K/home/rtsd-user/Documents/assignment_3/ros2_nodes/src/light_detection_3/src/motor_test.cpp:20:7:[m[K [01;31m[Kerror: [m[Kunable to find numeric literal operator â€˜[01m[Koperator""ms[m[Kâ€™
[16.648s]    20 |       [01;31m[K500ms[m[K, std::bind(&MinimalPublisher::timer_callback, this));
[16.649s]       |       [01;31m[K^~~~~[m[K
[16.649s] [01m[K/home/rtsd-user/Documents/assignment_3/ros2_nodes/src/light_detection_3/src/motor_test.cpp:20:25:[m[K [01;31m[Kerror: [m[Kâ€˜[01m[KMinimalPublisher[m[Kâ€™ has not been declared
[16.650s]    20 |       500ms, std::bind(&[01;31m[KMinimalPublisher[m[K::timer_callback, this));
[16.651s]       |                         [01;31m[K^~~~~~~~~~~~~~~~[m[K
[17.144s] [01m[K/home/rtsd-user/Documents/assignment_3/ros2_nodes/src/light_detection_3/src/motor_test.cpp:[m[K In member function â€˜[01m[Kvoid MotorTest::timer_callback()[m[Kâ€™:
[17.145s] [01m[K/home/rtsd-user/Documents/assignment_3/ros2_nodes/src/light_detection_3/src/motor_test.cpp:28:15:[m[K [01;31m[Kerror: [m[Kinvalid operands of types â€˜[01m[Kfloat[m[Kâ€™ and â€˜[01m[Kint[m[Kâ€™ to binary â€˜[01m[Koperator%[m[Kâ€™
[17.145s]    28 |       _x = [32m[K_x[m[K [01;31m[K%[m[K [34m[K6[m[K;
[17.146s]       |            [32m[K~~[m[K [01;31m[K^[m[K [34m[K~[m[K
[17.146s]       |            [32m[K|[m[K    [34m[K|[m[K
[17.146s]       |            [32m[K|[m[K    [34m[Kint[m[K
[17.147s]       |            [32m[Kfloat[m[K
[17.147s] [01m[K/home/rtsd-user/Documents/assignment_3/ros2_nodes/src/light_detection_3/src/motor_test.cpp:30:15:[m[K [01;31m[Kerror: [m[Kinvalid operands of types â€˜[01m[Kfloat[m[Kâ€™ and â€˜[01m[Kdouble[m[Kâ€™ to binary â€˜[01m[Koperator%[m[Kâ€™
[17.147s]    30 |       _y = [32m[K_y[m[K [01;31m[K%[m[K [34m[K2.5[m[K;
[17.148s]       |            [32m[K~~[m[K [01;31m[K^[m[K [34m[K~~~[m[K
[17.148s]       |            [32m[K|[m[K    [34m[K|[m[K
[17.148s]       |            [32m[K|[m[K    [34m[Kdouble[m[K
[17.149s]       |            [32m[Kfloat[m[K
[19.250s] make[2]: *** [CMakeFiles/motor_test.dir/build.make:63: CMakeFiles/motor_test.dir/src/motor_test.cpp.o] Error 1
[19.255s] make[1]: *** [CMakeFiles/Makefile2:80: CMakeFiles/motor_test.dir/all] Error 2
[19.258s] make: *** [Makefile:141: all] Error 2
[19.263s] Invoked command in '/home/rtsd-user/Documents/assignment_3/ros2_nodes/build/light_detection_3' returned '2': AMENT_PREFIX_PATH=/home/rtsd-user/Documents/assignment_3/ros2_nodes/install/rtsd_interfaces:${AMENT_PREFIX_PATH} CMAKE_PREFIX_PATH=/home/rtsd-user/Documents/assignment_3/ros2_nodes/install/rtsd_interfaces:/opt/ros/galactic LD_LIBRARY_PATH=/home/rtsd-user/Documents/assignment_3/ros2_nodes/install/rtsd_interfaces/lib:${LD_LIBRARY_PATH} PYTHONPATH=/home/rtsd-user/Documents/assignment_3/ros2_nodes/install/rtsd_interfaces/lib/python3.8/site-packages:${PYTHONPATH} /usr/bin/cmake --build /home/rtsd-user/Documents/assignment_3/ros2_nodes/build/light_detection_3 -- -j1 -l1
